Using pre-set license
Built from '2020.3/staging' branch; Version is '2020.3.6f1 (338bb68529b2) revision 3378102'; Using compiler version '192528614'; Build Type 'Release'
OS: 'Windows 10 Pro; OS build 19043.906; Version 2009; 64bit' Language: 'en' Physical Memory: 8175 MB
BatchMode: 1, IsHumanControllingUs: 0, StartBugReporterOnCrash: 0, Is64bit: 1, IsPro: 0

 COMMAND LINE ARGUMENTS:
D:\Progz\Unity\Editors\2020.3.6f1\Editor\Unity.exe
-adb2
-batchMode
-noUpm
-name
AssetImportWorker0
-projectPath
D:/Projekty/000_Shaders/Sand Simulation ComputeShader
-logFile
Logs/AssetImportWorker0.log
-srvPort
50153
Successfully changed project path to: D:/Projekty/000_Shaders/Sand Simulation ComputeShader
D:/Projekty/000_Shaders/Sand Simulation ComputeShader
Using Asset Import Pipeline V2.
Refreshing native plugins compatible for Editor in 31.23 ms, found 0 plugins.
Preloading 0 native plugins for Editor in 0.00 ms.
Initialize engine version: 2020.3.6f1 (338bb68529b2)
[Subsystems] Discovering subsystems at path D:/Progz/Unity/Editors/2020.3.6f1/Editor/Data/Resources/UnitySubsystems
[Subsystems] Discovering subsystems at path D:/Projekty/000_Shaders/Sand Simulation ComputeShader/Assets
GfxDevice: creating device client; threaded=0
Direct3D:
    Version:  Direct3D 11.0 [level 11.1]
    Renderer: NVIDIA GeForce GTX 1050 Ti (ID=0x1c82)
    Vendor:   
    VRAM:     4018 MB
    Driver:   27.21.14.5671
Initialize mono
Mono path[0] = 'D:/Progz/Unity/Editors/2020.3.6f1/Editor/Data/Managed'
Mono path[1] = 'D:/Progz/Unity/Editors/2020.3.6f1/Editor/Data/MonoBleedingEdge/lib/mono/unityjit'
Mono config path = 'D:/Progz/Unity/Editors/2020.3.6f1/Editor/Data/MonoBleedingEdge/etc'
Using monoOptions --debugger-agent=transport=dt_socket,embedding=1,server=y,suspend=n,address=127.0.0.1:56860
Begin MonoManager ReloadAssembly
Registering precompiled unity dll's ...
Register platform support module: D:/Progz/Unity/Editors/2020.3.6f1/Editor/Data/PlaybackEngines/WindowsStandaloneSupport/UnityEditor.WindowsStandalone.Extensions.dll
Registered in 0.001758 seconds.
Native extension for WindowsStandalone target not found
Refreshing native plugins compatible for Editor in 31.34 ms, found 0 plugins.
Preloading 0 native plugins for Editor in 0.00 ms.
Mono: successfully reloaded assembly
- Completed reload, in  3.239 seconds
Platform modules already initialized, skipping
Registering precompiled user dll's ...
Registered in 0.000826 seconds.
Begin MonoManager ReloadAssembly
Native extension for WindowsStandalone target not found
Refreshing native plugins compatible for Editor in 0.25 ms, found 0 plugins.
Preloading 0 native plugins for Editor in 0.00 ms.
Mono: successfully reloaded assembly
- Completed reload, in  1.056 seconds
Platform modules already initialized, skipping
========================================================================
Worker process is ready to serve import requests
Launched and connected shader compiler UnityShaderCompiler.exe after 0.04 seconds
Refreshing native plugins compatible for Editor in 0.25 ms, found 0 plugins.
Preloading 0 native plugins for Editor in 0.00 ms.
Unloading 1117 Unused Serialized files (Serialized files now loaded: 0)
System memory in use before: 57.3 MB.
System memory in use after: 57.4 MB.

Unloading 10 unused Assets to reduce memory usage. Loaded Objects now: 1561.
Total: 2.103100 ms (FindLiveObjects: 0.134500 ms CreateObjectMapping: 0.044700 ms MarkObjects: 1.831300 ms  DeleteObjects: 0.091100 ms)

========================================================================
Received Import Request.
  path: Assets/Scripts/CellularAutomata.cs
  artifactKey: Guid(d17e1642fbb65b74ab125959c6b3d1de) Importer(815301076,1909f56bfc062723c751e8b465ee728b)
Start importing Assets/Scripts/CellularAutomata.cs using Guid(d17e1642fbb65b74ab125959c6b3d1de) Importer(815301076,1909f56bfc062723c751e8b465ee728b)  -> (artifact id: '6220b793b180ebe2c5d63e78fda9e501') in 0.033857 seconds
  Import took 0.039098 seconds .

========================================================================
Received Import Request.
  Time since last request: 15.713649 seconds.
  path: Assets/Scripts/Types/CPU/CellType.cs
  artifactKey: Guid(1755ff6a40aa1b34184a8aae71a6dd49) Importer(815301076,1909f56bfc062723c751e8b465ee728b)
Start importing Assets/Scripts/Types/CPU/CellType.cs using Guid(1755ff6a40aa1b34184a8aae71a6dd49) Importer(815301076,1909f56bfc062723c751e8b465ee728b)  -> (artifact id: '765b7d020c7454c963c0ee73da8378f0') in 0.004597 seconds
  Import took 0.007107 seconds .

========================================================================
Received Import Request.
  Time since last request: 33.720057 seconds.
  path: Assets/Scripts/Types/CPU/CellType.cs
  artifactKey: Guid(1755ff6a40aa1b34184a8aae71a6dd49) Importer(815301076,1909f56bfc062723c751e8b465ee728b)
Start importing Assets/Scripts/Types/CPU/CellType.cs using Guid(1755ff6a40aa1b34184a8aae71a6dd49) Importer(815301076,1909f56bfc062723c751e8b465ee728b)  -> (artifact id: '3ca672fc722512332bb06cbef3aec744') in 0.004649 seconds
  Import took 0.010067 seconds .

========================================================================
Received Import Request.
  Time since last request: 4.057718 seconds.
  path: Assets/Scripts/Types/Shader/CellType.compute
  artifactKey: Guid(2c52ff654e126bd4cae0d454a6078219) Importer(815301076,1909f56bfc062723c751e8b465ee728b)
Start importing Assets/Scripts/Types/Shader/CellType.compute using Guid(2c52ff654e126bd4cae0d454a6078219) Importer(815301076,1909f56bfc062723c751e8b465ee728b)  -> (artifact id: 'a6fcae54f25ac5b77f6550c3c0ec65c2') in 0.016454 seconds
  Import took 0.018730 seconds .

========================================================================
Received Prepare
Registering precompiled user dll's ...
Registered in 0.000830 seconds.
Begin MonoManager ReloadAssembly
Native extension for WindowsStandalone target not found
Refreshing native plugins compatible for Editor in 0.27 ms, found 0 plugins.
Preloading 0 native plugins for Editor in 0.00 ms.
Mono: successfully reloaded assembly
- Completed reload, in  1.001 seconds
Platform modules already initialized, skipping
Refreshing native plugins compatible for Editor in 0.36 ms, found 0 plugins.
Preloading 0 native plugins for Editor in 0.00 ms.
Unloading 1113 Unused Serialized files (Serialized files now loaded: 0)
System memory in use before: 57.3 MB.
System memory in use after: 57.4 MB.

Unloading 5 unused Assets to reduce memory usage. Loaded Objects now: 1565.
Total: 1.780700 ms (FindLiveObjects: 0.131300 ms CreateObjectMapping: 0.045100 ms MarkObjects: 1.532900 ms  DeleteObjects: 0.070100 ms)

