Using pre-set license
Built from '2020.3/staging' branch; Version is '2020.3.6f1 (338bb68529b2) revision 3378102'; Using compiler version '192528614'; Build Type 'Release'
OS: 'Windows 10 Pro; OS build 19043.906; Version 2009; 64bit' Language: 'en' Physical Memory: 8175 MB
BatchMode: 1, IsHumanControllingUs: 0, StartBugReporterOnCrash: 0, Is64bit: 1, IsPro: 0

 COMMAND LINE ARGUMENTS:
D:\Progz\Unity\Editors\2020.3.6f1\Editor\Unity.exe
-adb2
-batchMode
-noUpm
-name
AssetImportWorker0
-projectPath
D:/Projekty/000_Shaders/Game of life - compute
-logFile
Logs/AssetImportWorker0.log
-srvPort
60077
Successfully changed project path to: D:/Projekty/000_Shaders/Game of life - compute
D:/Projekty/000_Shaders/Game of life - compute
Using Asset Import Pipeline V2.
Refreshing native plugins compatible for Editor in 31.09 ms, found 0 plugins.
Preloading 0 native plugins for Editor in 0.00 ms.
Initialize engine version: 2020.3.6f1 (338bb68529b2)
[Subsystems] Discovering subsystems at path D:/Progz/Unity/Editors/2020.3.6f1/Editor/Data/Resources/UnitySubsystems
[Subsystems] Discovering subsystems at path D:/Projekty/000_Shaders/Game of life - compute/Assets
GfxDevice: creating device client; threaded=0
Direct3D:
    Version:  Direct3D 11.0 [level 11.1]
    Renderer: NVIDIA GeForce GTX 1050 Ti (ID=0x1c82)
    Vendor:   
    VRAM:     4018 MB
    Driver:   27.21.14.5671
Initialize mono
Mono path[0] = 'D:/Progz/Unity/Editors/2020.3.6f1/Editor/Data/Managed'
Mono path[1] = 'D:/Progz/Unity/Editors/2020.3.6f1/Editor/Data/MonoBleedingEdge/lib/mono/unityjit'
Mono config path = 'D:/Progz/Unity/Editors/2020.3.6f1/Editor/Data/MonoBleedingEdge/etc'
Using monoOptions --debugger-agent=transport=dt_socket,embedding=1,server=y,suspend=n,address=127.0.0.1:56224
Begin MonoManager ReloadAssembly
Registering precompiled unity dll's ...
Register platform support module: D:/Progz/Unity/Editors/2020.3.6f1/Editor/Data/PlaybackEngines/WindowsStandaloneSupport/UnityEditor.WindowsStandalone.Extensions.dll
Registered in 0.001783 seconds.
Native extension for WindowsStandalone target not found
Refreshing native plugins compatible for Editor in 31.28 ms, found 0 plugins.
Preloading 0 native plugins for Editor in 0.00 ms.
Mono: successfully reloaded assembly
- Completed reload, in  3.327 seconds
Platform modules already initialized, skipping
Registering precompiled user dll's ...
Registered in 0.000813 seconds.
Begin MonoManager ReloadAssembly
Native extension for WindowsStandalone target not found
Refreshing native plugins compatible for Editor in 0.25 ms, found 0 plugins.
Preloading 0 native plugins for Editor in 0.00 ms.
Mono: successfully reloaded assembly
- Completed reload, in  1.058 seconds
Platform modules already initialized, skipping
========================================================================
Worker process is ready to serve import requests
Launched and connected shader compiler UnityShaderCompiler.exe after 0.05 seconds
Refreshing native plugins compatible for Editor in 0.25 ms, found 0 plugins.
Preloading 0 native plugins for Editor in 0.00 ms.
Unloading 1116 Unused Serialized files (Serialized files now loaded: 0)
System memory in use before: 57.3 MB.
System memory in use after: 57.3 MB.

Unloading 10 unused Assets to reduce memory usage. Loaded Objects now: 1560.
Total: 1.965300 ms (FindLiveObjects: 0.132700 ms CreateObjectMapping: 0.045900 ms MarkObjects: 1.657200 ms  DeleteObjects: 0.128200 ms)

========================================================================
Received Import Request.
  path: Assets/Scripts/Shaders
  artifactKey: Guid(257640b529d540e4cb49d93f4a5ff3da) Importer(815301076,1909f56bfc062723c751e8b465ee728b)
Start importing Assets/Scripts/Shaders using Guid(257640b529d540e4cb49d93f4a5ff3da) Importer(815301076,1909f56bfc062723c751e8b465ee728b)  -> (artifact id: 'f369efc909466696b818ba39fce570d6') in 0.005777 seconds
  Import took 0.007876 seconds .

========================================================================
Received Import Request.
  Time since last request: 41.872004 seconds.
  path: Assets/Textures
  artifactKey: Guid(06c4bd687f0c03a42b7947e4575be5f4) Importer(815301076,1909f56bfc062723c751e8b465ee728b)
Start importing Assets/Textures using Guid(06c4bd687f0c03a42b7947e4575be5f4) Importer(815301076,1909f56bfc062723c751e8b465ee728b)  -> (artifact id: '10c1fe959e5a3a6687d24b88062c8b67') in 0.004062 seconds
  Import took 0.006463 seconds .

========================================================================
Received Prepare
Registering precompiled user dll's ...
Registered in 0.000945 seconds.
Begin MonoManager ReloadAssembly
Native extension for WindowsStandalone target not found
Refreshing native plugins compatible for Editor in 0.29 ms, found 0 plugins.
Preloading 0 native plugins for Editor in 0.00 ms.
Mono: successfully reloaded assembly
- Completed reload, in  1.074 seconds
Platform modules already initialized, skipping
Refreshing native plugins compatible for Editor in 0.26 ms, found 0 plugins.
Preloading 0 native plugins for Editor in 0.00 ms.
Unloading 1111 Unused Serialized files (Serialized files now loaded: 0)
System memory in use before: 57.2 MB.
System memory in use after: 57.3 MB.

Unloading 5 unused Assets to reduce memory usage. Loaded Objects now: 1563.
Total: 1.889600 ms (FindLiveObjects: 0.165100 ms CreateObjectMapping: 0.046400 ms MarkObjects: 1.597200 ms  DeleteObjects: 0.079000 ms)

========================================================================
Received Import Request.
  Time since last request: 789.179564 seconds.
  path: Assets/Scripts/CellularAutomataCompute.compute
  artifactKey: Guid(f93abe6b52b431a488483bca50a46261) Importer(815301076,1909f56bfc062723c751e8b465ee728b)
Start importing Assets/Scripts/CellularAutomataCompute.compute using Guid(f93abe6b52b431a488483bca50a46261) Importer(815301076,1909f56bfc062723c751e8b465ee728b)  -> (artifact id: '1c9e8cf9a18c833763cbb6372d76f85b') in 0.031164 seconds
  Import took 0.033966 seconds .

========================================================================
Received Prepare
Registering precompiled user dll's ...
Registered in 0.001100 seconds.
Begin MonoManager ReloadAssembly
Native extension for WindowsStandalone target not found
Refreshing native plugins compatible for Editor in 0.25 ms, found 0 plugins.
Preloading 0 native plugins for Editor in 0.00 ms.
Mono: successfully reloaded assembly
- Completed reload, in  0.907 seconds
Platform modules already initialized, skipping
Refreshing native plugins compatible for Editor in 0.26 ms, found 0 plugins.
Preloading 0 native plugins for Editor in 0.00 ms.
Unloading 1111 Unused Serialized files (Serialized files now loaded: 0)
System memory in use before: 57.3 MB.
System memory in use after: 57.3 MB.

Unloading 5 unused Assets to reduce memory usage. Loaded Objects now: 1566.
Total: 1.713500 ms (FindLiveObjects: 0.123700 ms CreateObjectMapping: 0.042100 ms MarkObjects: 1.473500 ms  DeleteObjects: 0.073100 ms)

AssetImportWorkerClient::OnTransportError - code=2 error=End of file
